<?xml version="1.0" encoding="UTF-8"?>
<!-- Generated by org.testng.reporters.JUnitReportReporter -->
<testsuite hostname="LAPTOP-R9E7JDSN" failures="0" tests="3" name="princepinnu.secondSeleniumFramework.SubmitOrderTest" time="26.490" errors="0" timestamp="2025-07-29T10:24:54 IST" skipped="0">
  <testcase classname="princepinnu.secondSeleniumFramework.SubmitOrderTest" name="OrderHistoryTest" time="6.555"/>
  <testcase classname="princepinnu.secondSeleniumFramework.SubmitOrderTest" name="submitOrder" time="10.048"/>
  <testcase classname="princepinnu.secondSeleniumFramework.SubmitOrderTest" name="submitOrder" time="9.887"/>
</testsuite> <!-- princepinnu.secondSeleniumFramework.SubmitOrderTest -->
